<?xml version="1.0" encoding="UTF-8"?>
<!-- Generated by org.testng.reporters.JUnitReportReporter -->
<testsuite hostname="Naveen" name="com.selenium.testng.TestNgBasicDemo" tests="1" failures="0" timestamp="12 Mar 2023 11:06:40 GMT" time="9.907" errors="0">
  <testcase name="framesTest" time="9.907" classname="com.selenium.testng.TestNgBasicDemo"/>
</testsuite> <!-- com.selenium.testng.TestNgBasicDemo -->
